<?xml version="1.0" encoding="UTF-8"?>
<!-- Generated by org.testng.reporters.JUnitXMLReporter -->
<testsuite hostname="LPJ-Laptop" name="Command line test" tests="8" failures="0" timestamp="1 Sep 2014 13:07:06 GMT" time="45.359" errors="0">
  <testcase name="test001_redirection" time="20.4" classname="org.wikiaPage.AddVideoScenarioTest"/>
  <testcase name="test002_clickContribute_verifyDropdownShown" time="0.172" classname="org.wikiaPage.AddVideoScenarioTest"/>
  <testcase name="test003_clickAddVideo_verifyRedirection" time="3.165" classname="org.wikiaPage.AddVideoScenarioTest"/>
  <testcase name="test004_addVideo_verifyFlashMessage" time="5.065" classname="org.wikiaPage.AddVideoScenarioTest"/>
  <testcase name="test005_clickFlashMessageLink_verifyRedirectionAndFileName" time="8.088" classname="org.wikiaPage.AddVideoScenarioTest"/>
  <testcase name="test001_redirection" time="0.016" classname="org.wikiaPage.LogInScenarioTest"/>
  <testcase name="test002_loginTableAppears" time="0.153" classname="org.wikiaPage.LogInScenarioTest"/>
  <testcase name="test003_loginAndVerify" time="8.283" classname="org.wikiaPage.LogInScenarioTest"/>
</testsuite> <!-- Command line test -->
